0.4270142
0.3814703
0.3364577
0.2922308
0.2492216
0.2081989
0.1705808
0.1388985
0.1165746
0.1044705
0.0966359
0.0868987
0.0598383
0.0668312
0.1042155
0.1490452
0.1956756
0.2428570
0.2902327
0.3376801
0.4697107
0.4237509
0.3781556
0.3330802
0.2887771
0.2456777
0.2045615
0.1668996
0.1354174
0.1139065
0.1025206
0.0974899
0.0785021
0.0643575
0.0872968
0.1273144
0.1720663
0.2183370
0.2651982
0.3123223
0.4697107
0.4237509
0.3781556
0.3330802
0.2887771
0.2456777
0.2045615
0.1668996
0.1354174
0.1139065
0.1025206
0.0974899
0.0785021
0.0643575
0.0872968
0.1273144
0.1720663
0.2183370
0.2651982
0.3123223
0.3787517
0.3338778
0.2898434
0.2471103
0.2064956
0.1694800
0.1386015
0.1170162
0.1050384
0.0968946
0.0855077
0.0618728
0.0494056
0.0845578
0.1303576
0.1777374
0.2254042
0.2731024
0.3207738
0.3562694
0.3456815
0.2909428
0.2405559
0.1977635
0.1674031
0.1513033
0.1432433
0.1406369
0.1070977
0.0925527
0.1236784
0.1760600
0.2350073
0.2962493
0.3584433
0.4210855
0.4839590
0.5469597
0.6100340
0.6731521
0.3267047
0.2737227
0.2261754
0.1877422
0.1624839
0.1498973
0.1417807
0.1335655
0.1057632
0.0814564
0.1105903
0.1644877
0.2247110
0.2868118
0.3495904
0.4126463
0.4758231
0.5313754
0.5314987
0.5315879
0.3131045
0.2615399
0.2162713
0.1811762
0.1594961
0.1486919
0.1402786
0.1282305
0.1030796
0.0733552
0.1030994
0.1589166
0.2202487
0.2829875
0.3461621
0.4094811
0.4728431
0.5362098
0.5995666
0.6629032
0.3031957
0.2527824
0.2093462
0.1768143
0.1575856
0.1476952
0.1387527
0.1246658
0.1001127
0.0670006
0.0983641
0.1559244
0.2180937
0.2812706
0.3446990
0.3571321
0.3571815
0.3572274
0.3572680
0.3573030
0.5850042
0.5558576
0.5269057
0.4981834
0.4697342
0.4416121
0.4138854
0.3866401
0.3599861
0.3340634
0.3090510
0.2851754
0.2627180
0.2420155
0.2234427
0.2073646
0.1940452
0.1835258
0.1755223
0.1694140
0.1643604
0.1594935
0.1540625
0.1473979
0.1393166
0.1302254
0.1154187
0.0927777
0.0768327
0.0775285
0.0934557
0.1176221
0.1454327
0.1748657
0.2050650
0.2356463
0.2664248
0.2973062
0.3282401
0.3569634
0.1055843
0.1048542
0.1042342
0.1037263
0.1033322
0.1030531
0.1028897
0.1028424
0.1029109
0.1030948
0.1033931
0.1038042
0.1043265
0.1049578
0.1056958
0.1065378
0.1074808
0.1085218
0.1096575
0.1108846
0.1121997
0.1135992
0.1150796
0.1166376
0.1182695
0.1199721
0.1217420
0.1235759
0.1254707
0.1274234
0.1294310
0.1314908
0.1335999
0.1357559
0.1379563
0.1401987
0.1424809
0.1448008
0.1471565
0.1495459
0.0980953
0.0968348
0.0956915
0.0946702
0.0937754
0.0930111
0.0923803
0.0918856
0.0915288
0.0913110
0.0912326
0.0912933
0.0914921
0.0918273
0.0922965
0.0928970
0.0936254
0.0944778
0.0954502
0.0965381
0.0977368
0.0990415
0.1004475
0.1019496
0.1035432
0.1052232
0.1069852
0.1088243
0.1107362
0.1127167
0.1147617
0.1168672
0.1190295
0.1212453
0.1235111
0.1258239
0.1281807
0.1305787
0.1330155
0.1354885
0.0918630
0.0902708
0.0888009
0.0874614
0.0862594
0.0852013
0.0842927
0.0835381
0.0829414
0.0825051
0.0822310
0.0821196
0.0821705
0.0823820
0.0827517
0.0832762
0.0839512
0.0847719
0.0857328
0.0868280
0.0880512
0.0893962
0.0908562
0.0924248
0.0940955
0.0958620
0.0977182
0.0996582
0.1016763
0.1037672
0.1059258
0.1081475
0.1104276
0.1127621
0.1151470
0.1175788
0.1200541
0.1225697
0.1251227
0.1277106
0.0866437
0.0848121
0.0831073
0.0815401
0.0801205
0.0788576
0.0777594
0.0768327
0.0760832
0.0755151
0.0751311
0.0749327
0.0749196
0.0750901
0.0754412
0.0759684
0.0766663
0.0775285
0.0785477
0.0797161
0.0810258
0.0824682
0.0840351
0.0857182
0.0875094
0.0894010
0.0913854
0.0934557
0.0956051
0.0978276
0.1001172
0.1024686
0.1048768
0.1073373
0.1098457
0.1123984
0.1149916
0.1176221
0.1202870
0.1229834
0.5762325
0.5471598
0.5182937
0.4896719
0.4613414
0.4333606
0.4058030
0.3787619
0.3523561
0.3267369
0.3020968
0.2786773
0.2567752
0.2367367
0.2189331
0.2036999
0.1912364
0.1814875
0.1740678
0.1682920
0.1633157
0.1583051
0.1525538
0.1454844
0.1366675
0.1264441
0.1121556
0.0889843
0.0712971
0.0718456
0.0889759
0.1143094
0.1429341
0.1729110
0.2034809
0.2343228
0.2652903
0.2963130
0.3273555
0.3583996
